2022-06-19 09:12:21,155 - url https://srm-test.chinaboilers.com/api/share/primary/share/address/saveAddress
2022-06-19 09:23:03,663 - url https://srm-test.chinaboilers.com/api/share/primary/share/address/saveAddress
2022-06-19 09:24:35,328 - url https://srm-test.chinaboilers.com/api/share/primary/share/address/saveAddress
2022-06-19 09:26:42,121 - url https://srm-test.chinaboilers.com/api/share/primary/share/address/saveAddress
2022-06-19 09:27:30,170 - url https://srm-test.chinaboilers.com/api/share/primary/share/address/saveAddress
2022-06-19 09:29:52,187 - url https://srm-test.chinaboilers.com/api/share/primary/share/address/saveAddress
2022-06-19 09:31:17,267 - url https://srm-test.chinaboilers.com/api/share/primary/share/address/saveAddress
2022-06-19 09:35:35,791 - url https://srm-test.chinaboilers.com/api/share/primary/share/address/saveAddress
2022-06-19 09:35:59,614 - url https://srm-test.chinaboilers.com/api/share/primary/share/address/saveAddress
2022-06-19 09:48:02,037 - url https://srm-test.chinaboilers.com/api/share/primary/share/address/saveAddress
2022-06-19 09:49:23,366 - url https://srm-test.chinaboilers.com/api/share/primary/share/address/saveAddress
2022-06-19 10:20:54,572 - url https://srm-test.chinaboilers.com/api/share/primary/share/address/saveAddress
2022-06-19 10:22:08,425 - url https://srm-test.chinaboilers.com/api/share/primary/share/address/saveAddress
2022-06-19 10:37:58,176 - url https://srm-test.chinaboilers.com/api/share/primary/share/address/saveAddress
2022-06-19 10:37:58,653 - url https://srm-test.chinaboilers.com/api/share/primary/share/address/getAddress
2022-06-19 10:37:58,974 - url https://srm-test.chinaboilers.com/api/share/primary/share/address/deleteAddress
2022-06-19 10:37:59,389 - url https://srm-test.chinaboilers.com/api/share/primary/share/address/getAddress
2022-06-19 10:49:14,346 - url https://srm-test.chinaboilers.com/api/share/primary/share/address/saveAddress
2022-06-19 10:49:14,824 - url https://srm-test.chinaboilers.com/api/share/primary/share/address/getAddress
2022-06-19 10:49:15,215 - url https://srm-test.chinaboilers.com/api/share/primary/share/address/deleteAddress
2022-06-19 10:49:15,628 - url https://srm-test.chinaboilers.com/api/share/primary/share/address/getAddress
2022-06-19 10:57:15,617 - url https://srm-test.chinaboilers.com/api/share/primary/share/address/saveAddress
2022-06-19 10:58:29,951 - url https://srm-test.chinaboilers.com/api/share/primary/share/address/saveAddress
2022-06-19 10:58:30,360 - url https://srm-test.chinaboilers.com/api/share/primary/share/address/getAddress
2022-06-19 10:58:30,759 - url https://srm-test.chinaboilers.com/api/share/primary/share/address/deleteAddress
2022-06-19 10:58:31,071 - url https://srm-test.chinaboilers.com/api/share/primary/share/address/getAddress
2022-06-19 11:24:56,175 - url https://srm-test.chinaboilers.com/api/share/primary/share/address/saveAddress
2022-06-19 11:24:56,866 - url https://srm-test.chinaboilers.com/api/share/primary/share/address/getAddress
2022-06-19 11:24:57,151 - url https://srm-test.chinaboilers.com/api/share/primary/share/address/deleteAddress
2022-06-19 11:24:57,690 - url https://srm-test.chinaboilers.com/api/share/primary/share/address/getAddress
2022-06-19 11:37:44,051 - url https://srm-test.chinaboilers.com/api/share/primary/share/address/getAddress
2022-06-19 11:37:44,422 - url https://srm-test.chinaboilers.com/api/share/primary/share/address/saveAddress
2022-06-19 11:37:44,851 - url https://srm-test.chinaboilers.com/api/share/primary/share/address/getAddress
2022-06-19 11:37:45,158 - url https://srm-test.chinaboilers.com/api/share/primary/share/address/deleteAddress
2022-06-19 11:37:45,466 - url https://srm-test.chinaboilers.com/api/share/primary/share/address/getAddress
2022-06-19 11:37:45,790 - url https://srm-test.chinaboilers.com/api/share/primary/share/address/saveAddress
2022-06-19 11:39:55,737 - url https://srm-test.chinaboilers.com/api/share/primary/share/address/getAddress
2022-06-19 11:40:03,730 - url https://srm-test.chinaboilers.com/api/share/primary/share/address/saveAddress
2022-06-19 11:40:16,918 - url https://srm-test.chinaboilers.com/api/share/primary/share/address/getAddress
2022-06-19 11:40:18,386 - url https://srm-test.chinaboilers.com/api/share/primary/share/address/deleteAddress
2022-06-19 11:40:20,958 - url https://srm-test.chinaboilers.com/api/share/primary/share/address/getAddress
2022-06-19 11:41:04,170 - url https://srm-test.chinaboilers.com/api/share/primary/share/address/saveAddress
2022-06-19 11:46:12,719 - url https://srm-test.chinaboilers.com/api/share/primary/share/address/getAddress
2022-06-19 11:46:13,099 - url https://srm-test.chinaboilers.com/api/share/primary/share/address/saveAddress
2022-06-19 11:46:13,830 - url https://srm-test.chinaboilers.com/api/share/primary/share/address/getAddress
2022-06-19 11:46:14,254 - url https://srm-test.chinaboilers.com/api/share/primary/share/address/deleteAddress
2022-06-19 11:46:14,693 - url https://srm-test.chinaboilers.com/api/share/primary/share/address/getAddress
2022-06-19 11:46:15,107 - url https://srm-test.chinaboilers.com/api/share/primary/share/address/saveAddress
2022-06-19 11:47:38,706 - url https://srm-test.chinaboilers.com/api/share/primary/share/address/getAddress
2022-06-19 11:47:39,062 - url https://srm-test.chinaboilers.com/api/share/primary/share/address/saveAddress
2022-06-19 11:47:39,395 - url https://srm-test.chinaboilers.com/api/share/primary/share/address/getAddress
2022-06-19 11:47:39,689 - url https://srm-test.chinaboilers.com/api/share/primary/share/address/deleteAddress
2022-06-19 11:47:40,013 - url https://srm-test.chinaboilers.com/api/share/primary/share/address/getAddress
2022-06-19 11:47:40,339 - url https://srm-test.chinaboilers.com/api/share/primary/share/address/saveAddress
2022-06-19 11:49:00,473 - url https://srm-test.chinaboilers.com/api/share/primary/share/address/getAddress
2022-06-19 11:49:00,859 - url https://srm-test.chinaboilers.com/api/share/primary/share/address/saveAddress
2022-06-19 11:49:01,231 - url https://srm-test.chinaboilers.com/api/share/primary/share/address/getAddress
2022-06-19 11:49:01,621 - url https://srm-test.chinaboilers.com/api/share/primary/share/address/deleteAddress
2022-06-19 11:49:01,945 - url https://srm-test.chinaboilers.com/api/share/primary/share/address/getAddress
2022-06-19 11:49:02,251 - url https://srm-test.chinaboilers.com/api/share/primary/share/address/saveAddress
2022-06-19 11:50:03,558 - url https://srm-test.chinaboilers.com/api/share/primary/share/address/getAddress
2022-06-19 11:50:03,999 - url https://srm-test.chinaboilers.com/api/share/primary/share/address/saveAddress
2022-06-19 11:50:04,420 - url https://srm-test.chinaboilers.com/api/share/primary/share/address/getAddress
2022-06-19 11:50:04,831 - url https://srm-test.chinaboilers.com/api/share/primary/share/address/deleteAddress
2022-06-19 11:50:05,234 - url https://srm-test.chinaboilers.com/api/share/primary/share/address/getAddress
2022-06-19 11:50:05,648 - url https://srm-test.chinaboilers.com/api/share/primary/share/address/saveAddress
2022-06-19 13:57:17,311 - url https://srm-test.chinaboilers.com/api/share/primary/share/address/getAddress
2022-06-19 13:58:41,759 - url https://srm-test.chinaboilers.com/api/share/primary/share/address/getAddress
2022-06-19 13:58:42,087 - url https://srm-test.chinaboilers.com/api/share/primary/share/address/saveAddress
2022-06-19 13:58:42,571 - {'status': 0, 'messages': [], 'data': {'id': '988080196857921536', 'addressCode': 'autoTest-LW8', 'addressType': 1, 'addressName': '浙江省杭州市余杭区佳源未来府', 'remark': '家', 'creatorId': '852473181966573568', 'lastModifierId': '852473181966573568', 'gmtCreate': '2022-06-19 13:57:57', 'gmtModified': '2022-06-19 13:57:57', 'tenantId': '539223256875155458', 'businessId': '539223256875155456', 'shopId': '539223256875155457'}, 'success': True, 'traceId': ''}
2022-06-19 13:58:42,587 - url https://srm-test.chinaboilers.com/api/share/primary/share/address/getAddress
2022-06-19 13:58:42,852 - url https://srm-test.chinaboilers.com/api/share/primary/share/address/deleteAddress
2022-06-19 13:58:43,118 - url https://srm-test.chinaboilers.com/api/share/primary/share/address/getAddress
2022-06-19 13:58:43,368 - url https://srm-test.chinaboilers.com/api/share/primary/share/address/saveAddress
2022-06-19 13:58:43,618 - {'messages': [{'code': '20011101', 'kind': 'ERROR', 'message': '地址编码234已存在'}], 'status': 1, 'success': False, 'traceId': ''}
2022-06-19 13:58:43,633 - url https://srm-test.chinaboilers.com/api/share/primary/share/address/saveAddress
2022-06-19 13:58:43,884 - {'messages': [{'code': '20011105', 'kind': 'ERROR', 'message': '地址编码必填'}], 'status': 1, 'success': False, 'traceId': ''}
2022-06-19 14:00:34,685 - url https://srm-test.chinaboilers.com/api/share/primary/share/address/getAddress
2022-06-19 14:00:35,045 - url https://srm-test.chinaboilers.com/api/share/primary/share/address/saveAddress
2022-06-19 14:00:35,310 - {'status': 0, 'messages': [], 'data': {'id': '988080669715365888', 'addressCode': 'autoTest-PkE', 'addressType': 1, 'addressName': '浙江省杭州市余杭区佳源未来府', 'remark': '家', 'creatorId': '852473181966573568', 'lastModifierId': '852473181966573568', 'gmtCreate': '2022-06-19 13:59:49', 'gmtModified': '2022-06-19 13:59:49', 'tenantId': '539223256875155458', 'businessId': '539223256875155456', 'shopId': '539223256875155457'}, 'success': True, 'traceId': ''}
2022-06-19 14:00:35,326 - url https://srm-test.chinaboilers.com/api/share/primary/share/address/getAddress
2022-06-19 14:00:35,607 - url https://srm-test.chinaboilers.com/api/share/primary/share/address/deleteAddress
2022-06-19 14:00:35,857 - url https://srm-test.chinaboilers.com/api/share/primary/share/address/getAddress
2022-06-19 14:00:36,123 - url https://srm-test.chinaboilers.com/api/share/primary/share/address/saveAddress
2022-06-19 14:00:36,373 - {'messages': [{'code': '20011101', 'kind': 'ERROR', 'message': '地址编码234已存在'}], 'status': 1, 'success': False, 'traceId': ''}
2022-06-19 14:00:36,373 - url https://srm-test.chinaboilers.com/api/share/primary/share/address/saveAddress
2022-06-19 14:00:36,607 - {'messages': [{'code': '20011105', 'kind': 'ERROR', 'message': '地址编码必填'}], 'status': 1, 'success': False, 'traceId': ''}
2022-06-19 14:03:22,195 - url https://srm-test.chinaboilers.com/api/share/primary/share/address/getAddress
2022-06-19 14:03:22,461 - url https://srm-test.chinaboilers.com/api/share/primary/share/address/saveAddress
2022-06-19 14:03:22,711 - {'status': 0, 'messages': [], 'data': {'id': '988081371900575744', 'addressCode': 'autoTest-Nxp', 'addressType': 1, 'addressName': '浙江省杭州市余杭区佳源未来府', 'remark': '家', 'creatorId': '852473181966573568', 'lastModifierId': '852473181966573568', 'gmtCreate': '2022-06-19 14:02:37', 'gmtModified': '2022-06-19 14:02:37', 'tenantId': '539223256875155458', 'businessId': '539223256875155456', 'shopId': '539223256875155457'}, 'success': True, 'traceId': ''}
2022-06-19 14:03:22,726 - url https://srm-test.chinaboilers.com/api/share/primary/share/address/getAddress
2022-06-19 14:03:22,961 - url https://srm-test.chinaboilers.com/api/share/primary/share/address/deleteAddress
2022-06-19 14:03:23,242 - url https://srm-test.chinaboilers.com/api/share/primary/share/address/getAddress
2022-06-19 14:03:23,523 - url https://srm-test.chinaboilers.com/api/share/primary/share/address/saveAddress
2022-06-19 14:03:24,226 - {'messages': [{'code': '20011101', 'kind': 'ERROR', 'message': '地址编码234已存在'}], 'status': 1, 'success': False, 'traceId': ''}
2022-06-19 14:03:24,242 - url https://srm-test.chinaboilers.com/api/share/primary/share/address/saveAddress
2022-06-19 14:03:24,484 - {'messages': [{'code': '20011105', 'kind': 'ERROR', 'message': '地址编码必填'}], 'status': 1, 'success': False, 'traceId': ''}
2022-06-19 14:03:24,500 - url https://srm-test.chinaboilers.com/api/share/primary/share/address/saveAddress
2022-06-19 14:03:24,750 - {'messages': [{'code': '10003', 'kind': 'ERROR', 'message': '地址名称不能为空'}], 'status': 1, 'success': False, 'traceId': ''}
2022-06-19 14:03:25,125 - url https://srm-test.chinaboilers.com/api/share/primary/share/address/saveAddress
2022-06-19 14:03:25,375 - {'status': 0, 'messages': [], 'data': {'id': '988081383040647168', 'addressCode': 'autoTest-Nxp', 'addressType': 1, 'addressName': '浙江省杭州市余杭区佳源未来府', 'remark': '', 'creatorId': '852473181966573568', 'lastModifierId': '852473181966573568', 'gmtCreate': '2022-06-19 14:02:39', 'gmtModified': '2022-06-19 14:02:39', 'tenantId': '539223256875155458', 'businessId': '539223256875155456', 'shopId': '539223256875155457'}, 'success': True, 'traceId': ''}
2022-06-19 14:03:25,375 - url https://srm-test.chinaboilers.com/api/share/primary/share/address/getAddress
2022-06-19 14:03:25,640 - url https://srm-test.chinaboilers.com/api/share/primary/share/address/deleteAddress
2022-06-19 14:03:25,875 - url https://srm-test.chinaboilers.com/api/share/primary/share/address/getAddress
2022-06-19 14:03:47,561 - url https://srm-test.chinaboilers.com/api/share/primary/share/address/getAddress
2022-06-19 14:03:47,857 - url https://srm-test.chinaboilers.com/api/share/primary/share/address/saveAddress
2022-06-19 14:03:48,092 - {'status': 0, 'messages': [], 'data': {'id': '988081478352011264', 'addressCode': 'autoTest-lWk', 'addressType': 1, 'addressName': '浙江省杭州市余杭区佳源未来府', 'remark': '家', 'creatorId': '852473181966573568', 'lastModifierId': '852473181966573568', 'gmtCreate': '2022-06-19 14:03:02', 'gmtModified': '2022-06-19 14:03:02', 'tenantId': '539223256875155458', 'businessId': '539223256875155456', 'shopId': '539223256875155457'}, 'success': True, 'traceId': ''}
2022-06-19 14:03:48,107 - url https://srm-test.chinaboilers.com/api/share/primary/share/address/getAddress
2022-06-19 14:03:48,357 - url https://srm-test.chinaboilers.com/api/share/primary/share/address/deleteAddress
2022-06-19 14:03:48,592 - url https://srm-test.chinaboilers.com/api/share/primary/share/address/getAddress
2022-06-19 14:03:48,873 - url https://srm-test.chinaboilers.com/api/share/primary/share/address/saveAddress
2022-06-19 14:03:49,123 - {'messages': [{'code': '20011101', 'kind': 'ERROR', 'message': '地址编码234已存在'}], 'status': 1, 'success': False, 'traceId': ''}
2022-06-19 14:03:49,138 - url https://srm-test.chinaboilers.com/api/share/primary/share/address/saveAddress
2022-06-19 14:03:49,404 - {'messages': [{'code': '20011105', 'kind': 'ERROR', 'message': '地址编码必填'}], 'status': 1, 'success': False, 'traceId': ''}
2022-06-19 14:03:49,419 - url https://srm-test.chinaboilers.com/api/share/primary/share/address/saveAddress
2022-06-19 14:03:49,669 - {'messages': [{'code': '10003', 'kind': 'ERROR', 'message': '地址名称不能为空'}], 'status': 1, 'success': False, 'traceId': ''}
2022-06-19 14:03:49,685 - url https://srm-test.chinaboilers.com/api/share/primary/share/address/saveAddress
2022-06-19 14:03:49,935 - {'status': 0, 'messages': [], 'data': {'id': '988081486061142016', 'addressCode': 'autoTest-lWk', 'addressType': 1, 'addressName': '浙江省杭州市余杭区佳源未来府', 'remark': '', 'creatorId': '852473181966573568', 'lastModifierId': '852473181966573568', 'gmtCreate': '2022-06-19 14:03:04', 'gmtModified': '2022-06-19 14:03:04', 'tenantId': '539223256875155458', 'businessId': '539223256875155456', 'shopId': '539223256875155457'}, 'success': True, 'traceId': ''}
2022-06-19 14:03:49,951 - url https://srm-test.chinaboilers.com/api/share/primary/share/address/getAddress
2022-06-19 14:03:50,185 - url https://srm-test.chinaboilers.com/api/share/primary/share/address/deleteAddress
2022-06-19 14:03:50,450 - url https://srm-test.chinaboilers.com/api/share/primary/share/address/getAddress
